2017-07-07 17:20:57.201  INFO 4184 --- [main] com.hidear.law.LawApplication            : Starting LawApplication on PC-20160708WMDP with PID 4184 (D:\developer\idea\ideaIU-2016.2.5\workspace\law\target\classes started by Administrator in D:\developer\idea\ideaIU-2016.2.5\workspace\law)
2017-07-07 17:20:57.203  INFO 4184 --- [main] com.hidear.law.LawApplication            : The following profiles are active: dev
2017-07-07 17:20:57.424  INFO 4184 --- [main] ationConfigEmbeddedWebApplicationContext : Refreshing org.springframework.boot.context.embedded.AnnotationConfigEmbeddedWebApplicationContext@38d8f54a: startup date [Fri Jul 07 17:20:57 CST 2017]; root of context hierarchy
2017-07-07 17:20:58.674  INFO 4184 --- [main] trationDelegate$BeanPostProcessorChecker : Bean 'shiroConfig' of type [com.hidear.law.config.web.ShiroConfig$$EnhancerBySpringCGLIB$$b9940da6] is not eligible for getting processed by all BeanPostProcessors (for example: not eligible for auto-proxying)
2017-07-07 17:20:58.742  INFO 4184 --- [main] trationDelegate$BeanPostProcessorChecker : Bean 'rememberMeCookie' of type [org.apache.shiro.web.servlet.SimpleCookie] is not eligible for getting processed by all BeanPostProcessors (for example: not eligible for auto-proxying)
2017-07-07 17:20:58.991  INFO 4184 --- [main] trationDelegate$BeanPostProcessorChecker : Bean 'rememberMeManager' of type [org.apache.shiro.web.mgt.CookieRememberMeManager] is not eligible for getting processed by all BeanPostProcessors (for example: not eligible for auto-proxying)
2017-07-07 17:20:58.997  INFO 4184 --- [main] trationDelegate$BeanPostProcessorChecker : Bean 'ehCacheConfig' of type [com.hidear.law.config.EhCacheConfig$$EnhancerBySpringCGLIB$$d9ea45ee] is not eligible for getting processed by all BeanPostProcessors (for example: not eligible for auto-proxying)
2017-07-07 17:20:59.004  INFO 4184 --- [main] o.s.c.ehcache.EhCacheManagerFactoryBean  : Initializing EhCache CacheManager
2017-07-07 17:20:59.102  INFO 4184 --- [main] trationDelegate$BeanPostProcessorChecker : Bean 'ehcache' of type [org.springframework.cache.ehcache.EhCacheManagerFactoryBean] is not eligible for getting processed by all BeanPostProcessors (for example: not eligible for auto-proxying)
2017-07-07 17:20:59.107  INFO 4184 --- [main] trationDelegate$BeanPostProcessorChecker : Bean 'getCacheShiroManager' of type [org.apache.shiro.cache.ehcache.EhCacheManager] is not eligible for getting processed by all BeanPostProcessors (for example: not eligible for auto-proxying)
2017-07-07 17:20:59.221  INFO 4184 --- [main] trationDelegate$BeanPostProcessorChecker : Bean 'lawProperties' of type [com.hidear.law.config.properties.LawProperties] is not eligible for getting processed by all BeanPostProcessors (for example: not eligible for auto-proxying)
2017-07-07 17:20:59.234  INFO 4184 --- [main] trationDelegate$BeanPostProcessorChecker : Bean 'defaultWebSessionManager' of type [org.apache.shiro.web.session.mgt.DefaultWebSessionManager] is not eligible for getting processed by all BeanPostProcessors (for example: not eligible for auto-proxying)
2017-07-07 17:20:59.258  INFO 4184 --- [main] trationDelegate$BeanPostProcessorChecker : Bean 'shiroDbRealm' of type [com.hidear.law.core.shiro.ShiroDBRealm] is not eligible for getting processed by all BeanPostProcessors (for example: not eligible for auto-proxying)
2017-07-07 17:20:59.259  INFO 4184 --- [main] o.a.shiro.cache.ehcache.EhCacheManager   : Cache with name 'com.hidear.law.core.shiro.ShiroDBRealm.authorizationCache' does not yet exist.  Creating now.
2017-07-07 17:20:59.263  INFO 4184 --- [main] o.a.shiro.cache.ehcache.EhCacheManager   : Added EhCache named [com.hidear.law.core.shiro.ShiroDBRealm.authorizationCache]
2017-07-07 17:20:59.273  INFO 4184 --- [main] trationDelegate$BeanPostProcessorChecker : Bean 'securityManager' of type [org.apache.shiro.web.mgt.DefaultWebSecurityManager] is not eligible for getting processed by all BeanPostProcessors (for example: not eligible for auto-proxying)
2017-07-07 17:20:59.281  INFO 4184 --- [main] trationDelegate$BeanPostProcessorChecker : Bean 'methodInvokingFactoryBean' of type [org.springframework.beans.factory.config.MethodInvokingFactoryBean] is not eligible for getting processed by all BeanPostProcessors (for example: not eligible for auto-proxying)
2017-07-07 17:20:59.342  INFO 4184 --- [main] trationDelegate$BeanPostProcessorChecker : Bean 'authorizationAttributeSourceAdvisor' of type [org.apache.shiro.spring.security.interceptor.AuthorizationAttributeSourceAdvisor] is not eligible for getting processed by all BeanPostProcessors (for example: not eligible for auto-proxying)
2017-07-07 17:20:59.368  INFO 4184 --- [main] trationDelegate$BeanPostProcessorChecker : Bean 'org.springframework.transaction.annotation.ProxyTransactionManagementConfiguration' of type [org.springframework.transaction.annotation.ProxyTransactionManagementConfiguration$$EnhancerBySpringCGLIB$$622593ba] is not eligible for getting processed by all BeanPostProcessors (for example: not eligible for auto-proxying)
2017-07-07 17:20:59.405  INFO 4184 --- [main] trationDelegate$BeanPostProcessorChecker : Bean 'org.springframework.cache.annotation.ProxyCachingConfiguration' of type [org.springframework.cache.annotation.ProxyCachingConfiguration$$EnhancerBySpringCGLIB$$ab37c9d8] is not eligible for getting processed by all BeanPostProcessors (for example: not eligible for auto-proxying)
2017-07-07 17:20:59.757  INFO 4184 --- [main] s.b.c.e.t.TomcatEmbeddedServletContainer : Tomcat initialized with port(s): 80 (http)
2017-07-07 17:20:59.767  INFO 4184 --- [main] o.apache.catalina.core.StandardService   : Starting service [Tomcat]
2017-07-07 17:20:59.768  INFO 4184 --- [main] org.apache.catalina.core.StandardEngine  : Starting Servlet Engine: Apache Tomcat/8.5.15
2017-07-07 17:20:59.887  INFO 4184 --- [localhost-startStop-1] o.a.c.c.C.[Tomcat].[localhost].[/]       : Initializing Spring embedded WebApplicationContext
2017-07-07 17:20:59.888  INFO 4184 --- [localhost-startStop-1] o.s.web.context.ContextLoader            : Root WebApplicationContext: initialization completed in 2465 ms
2017-07-07 17:21:00.136  INFO 4184 --- [localhost-startStop-1] o.s.b.w.servlet.FilterRegistrationBean   : Mapping filter: 'characterEncodingFilter' to: [/*]
2017-07-07 17:21:00.137  INFO 4184 --- [localhost-startStop-1] o.s.b.w.servlet.FilterRegistrationBean   : Mapping filter: 'hiddenHttpMethodFilter' to: [/*]
2017-07-07 17:21:00.137  INFO 4184 --- [localhost-startStop-1] o.s.b.w.servlet.FilterRegistrationBean   : Mapping filter: 'httpPutFormContentFilter' to: [/*]
2017-07-07 17:21:00.137  INFO 4184 --- [localhost-startStop-1] o.s.b.w.servlet.FilterRegistrationBean   : Mapping filter: 'requestContextFilter' to: [/*]
2017-07-07 17:21:00.137  INFO 4184 --- [localhost-startStop-1] o.s.b.w.servlet.FilterRegistrationBean   : Mapping filter: 'xssFilter' to urls: [/*]
2017-07-07 17:21:00.137  INFO 4184 --- [localhost-startStop-1] o.s.b.w.servlet.FilterRegistrationBean   : Mapping filter: 'shiroFilter' to: [/*]
2017-07-07 17:21:00.138  INFO 4184 --- [localhost-startStop-1] o.s.b.w.servlet.ServletRegistrationBean  : Mapping servlet: 'dispatcherServlet' to [/]
2017-07-07 17:21:00.746  INFO 4184 --- [main] j.LocalContainerEntityManagerFactoryBean : Building JPA container EntityManagerFactory for persistence unit 'default'
2017-07-07 17:21:00.763  INFO 4184 --- [main] o.hibernate.jpa.internal.util.LogHelper  : HHH000204: Processing PersistenceUnitInfo [
	name: default
	...]
2017-07-07 17:21:00.828  INFO 4184 --- [main] org.hibernate.Version                    : HHH000412: Hibernate Core {5.0.12.Final}
2017-07-07 17:21:00.830  INFO 4184 --- [main] org.hibernate.cfg.Environment            : HHH000206: hibernate.properties not found
2017-07-07 17:21:00.831  INFO 4184 --- [main] org.hibernate.cfg.Environment            : HHH000021: Bytecode provider name : javassist
2017-07-07 17:21:00.869  INFO 4184 --- [main] o.hibernate.annotations.common.Version   : HCANN000001: Hibernate Commons Annotations {5.0.1.Final}
2017-07-07 17:21:01.008  INFO 4184 --- [main] org.hibernate.dialect.Dialect            : HHH000400: Using dialect: org.hibernate.dialect.MySQL5Dialect
2017-07-07 17:21:01.457  INFO 4184 --- [main] org.hibernate.tool.hbm2ddl.SchemaUpdate  : HHH000228: Running hbm2ddl schema update
2017-07-07 17:21:01.664  INFO 4184 --- [main] j.LocalContainerEntityManagerFactoryBean : Initialized JPA EntityManagerFactory for persistence unit 'default'
2017-07-07 17:21:02.136  WARN 4184 --- [main] ationConfigEmbeddedWebApplicationContext : Exception encountered during context initialization - cancelling refresh attempt: org.springframework.beans.factory.UnsatisfiedDependencyException: Error creating bean with name 'kaptchaController': Unsatisfied dependency expressed through field 'producer'; nested exception is org.springframework.beans.factory.NoSuchBeanDefinitionException: No qualifying bean of type 'com.google.code.kaptcha.Producer' available: expected at least 1 bean which qualifies as autowire candidate. Dependency annotations: {@org.springframework.beans.factory.annotation.Autowired(required=true)}
2017-07-07 17:21:02.138  INFO 4184 --- [main] j.LocalContainerEntityManagerFactoryBean : Closing JPA EntityManagerFactory for persistence unit 'default'
2017-07-07 17:21:02.142  INFO 4184 --- [main] o.s.c.ehcache.EhCacheManagerFactoryBean  : Shutting down EhCache CacheManager
2017-07-07 17:21:02.162  INFO 4184 --- [main] o.apache.catalina.core.StandardService   : Stopping service [Tomcat]
2017-07-07 17:21:02.175  INFO 4184 --- [main] utoConfigurationReportLoggingInitializer : 

Error starting ApplicationContext. To display the auto-configuration report re-run your application with 'debug' enabled.
2017-07-07 17:21:02.498 ERROR 4184 --- [main] o.s.b.d.LoggingFailureAnalysisReporter   : 

***************************
APPLICATION FAILED TO START
***************************

Description:

Field producer in com.hidear.law.modular.system.controller.KaptchaController required a bean of type 'com.google.code.kaptcha.Producer' that could not be found.


Action:

Consider defining a bean of type 'com.google.code.kaptcha.Producer' in your configuration.

2017-07-07 17:22:52.058  INFO 6220 --- [main] com.hidear.law.LawApplication            : Starting LawApplication on PC-20160708WMDP with PID 6220 (D:\developer\idea\ideaIU-2016.2.5\workspace\law\target\classes started by Administrator in D:\developer\idea\ideaIU-2016.2.5\workspace\law)
2017-07-07 17:22:52.060  INFO 6220 --- [main] com.hidear.law.LawApplication            : The following profiles are active: dev
2017-07-07 17:22:52.167  INFO 6220 --- [main] ationConfigEmbeddedWebApplicationContext : Refreshing org.springframework.boot.context.embedded.AnnotationConfigEmbeddedWebApplicationContext@38d8f54a: startup date [Fri Jul 07 17:22:52 CST 2017]; root of context hierarchy
2017-07-07 17:22:53.578  INFO 6220 --- [main] trationDelegate$BeanPostProcessorChecker : Bean 'shiroConfig' of type [com.hidear.law.config.web.ShiroConfig$$EnhancerBySpringCGLIB$$8b25e198] is not eligible for getting processed by all BeanPostProcessors (for example: not eligible for auto-proxying)
2017-07-07 17:22:53.639  INFO 6220 --- [main] trationDelegate$BeanPostProcessorChecker : Bean 'rememberMeCookie' of type [org.apache.shiro.web.servlet.SimpleCookie] is not eligible for getting processed by all BeanPostProcessors (for example: not eligible for auto-proxying)
2017-07-07 17:22:53.911  INFO 6220 --- [main] trationDelegate$BeanPostProcessorChecker : Bean 'rememberMeManager' of type [org.apache.shiro.web.mgt.CookieRememberMeManager] is not eligible for getting processed by all BeanPostProcessors (for example: not eligible for auto-proxying)
2017-07-07 17:22:53.917  INFO 6220 --- [main] trationDelegate$BeanPostProcessorChecker : Bean 'ehCacheConfig' of type [com.hidear.law.config.EhCacheConfig$$EnhancerBySpringCGLIB$$ab7c19e0] is not eligible for getting processed by all BeanPostProcessors (for example: not eligible for auto-proxying)
2017-07-07 17:22:53.924  INFO 6220 --- [main] o.s.c.ehcache.EhCacheManagerFactoryBean  : Initializing EhCache CacheManager
2017-07-07 17:22:54.024  INFO 6220 --- [main] trationDelegate$BeanPostProcessorChecker : Bean 'ehcache' of type [org.springframework.cache.ehcache.EhCacheManagerFactoryBean] is not eligible for getting processed by all BeanPostProcessors (for example: not eligible for auto-proxying)
2017-07-07 17:22:54.028  INFO 6220 --- [main] trationDelegate$BeanPostProcessorChecker : Bean 'getCacheShiroManager' of type [org.apache.shiro.cache.ehcache.EhCacheManager] is not eligible for getting processed by all BeanPostProcessors (for example: not eligible for auto-proxying)
2017-07-07 17:22:54.132  INFO 6220 --- [main] trationDelegate$BeanPostProcessorChecker : Bean 'lawProperties' of type [com.hidear.law.config.properties.LawProperties] is not eligible for getting processed by all BeanPostProcessors (for example: not eligible for auto-proxying)
2017-07-07 17:22:54.147  INFO 6220 --- [main] trationDelegate$BeanPostProcessorChecker : Bean 'defaultWebSessionManager' of type [org.apache.shiro.web.session.mgt.DefaultWebSessionManager] is not eligible for getting processed by all BeanPostProcessors (for example: not eligible for auto-proxying)
2017-07-07 17:22:54.170  INFO 6220 --- [main] trationDelegate$BeanPostProcessorChecker : Bean 'shiroDbRealm' of type [com.hidear.law.core.shiro.ShiroDBRealm] is not eligible for getting processed by all BeanPostProcessors (for example: not eligible for auto-proxying)
2017-07-07 17:22:54.171  INFO 6220 --- [main] o.a.shiro.cache.ehcache.EhCacheManager   : Cache with name 'com.hidear.law.core.shiro.ShiroDBRealm.authorizationCache' does not yet exist.  Creating now.
2017-07-07 17:22:54.176  INFO 6220 --- [main] o.a.shiro.cache.ehcache.EhCacheManager   : Added EhCache named [com.hidear.law.core.shiro.ShiroDBRealm.authorizationCache]
2017-07-07 17:22:54.187  INFO 6220 --- [main] trationDelegate$BeanPostProcessorChecker : Bean 'securityManager' of type [org.apache.shiro.web.mgt.DefaultWebSecurityManager] is not eligible for getting processed by all BeanPostProcessors (for example: not eligible for auto-proxying)
2017-07-07 17:22:54.194  INFO 6220 --- [main] trationDelegate$BeanPostProcessorChecker : Bean 'methodInvokingFactoryBean' of type [org.springframework.beans.factory.config.MethodInvokingFactoryBean] is not eligible for getting processed by all BeanPostProcessors (for example: not eligible for auto-proxying)
2017-07-07 17:22:54.246  INFO 6220 --- [main] trationDelegate$BeanPostProcessorChecker : Bean 'authorizationAttributeSourceAdvisor' of type [org.apache.shiro.spring.security.interceptor.AuthorizationAttributeSourceAdvisor] is not eligible for getting processed by all BeanPostProcessors (for example: not eligible for auto-proxying)
2017-07-07 17:22:54.270  INFO 6220 --- [main] trationDelegate$BeanPostProcessorChecker : Bean 'org.springframework.transaction.annotation.ProxyTransactionManagementConfiguration' of type [org.springframework.transaction.annotation.ProxyTransactionManagementConfiguration$$EnhancerBySpringCGLIB$$33b767ac] is not eligible for getting processed by all BeanPostProcessors (for example: not eligible for auto-proxying)
2017-07-07 17:22:54.306  INFO 6220 --- [main] trationDelegate$BeanPostProcessorChecker : Bean 'org.springframework.cache.annotation.ProxyCachingConfiguration' of type [org.springframework.cache.annotation.ProxyCachingConfiguration$$EnhancerBySpringCGLIB$$7cc99dca] is not eligible for getting processed by all BeanPostProcessors (for example: not eligible for auto-proxying)
2017-07-07 17:22:54.655  INFO 6220 --- [main] s.b.c.e.t.TomcatEmbeddedServletContainer : Tomcat initialized with port(s): 80 (http)
2017-07-07 17:22:54.667  INFO 6220 --- [main] o.apache.catalina.core.StandardService   : Starting service [Tomcat]
2017-07-07 17:22:54.669  INFO 6220 --- [main] org.apache.catalina.core.StandardEngine  : Starting Servlet Engine: Apache Tomcat/8.5.15
2017-07-07 17:22:54.781  INFO 6220 --- [localhost-startStop-1] o.a.c.c.C.[Tomcat].[localhost].[/]       : Initializing Spring embedded WebApplicationContext
2017-07-07 17:22:54.782  INFO 6220 --- [localhost-startStop-1] o.s.web.context.ContextLoader            : Root WebApplicationContext: initialization completed in 2621 ms
2017-07-07 17:22:55.049  INFO 6220 --- [localhost-startStop-1] o.s.b.w.servlet.FilterRegistrationBean   : Mapping filter: 'characterEncodingFilter' to: [/*]
2017-07-07 17:22:55.050  INFO 6220 --- [localhost-startStop-1] o.s.b.w.servlet.FilterRegistrationBean   : Mapping filter: 'hiddenHttpMethodFilter' to: [/*]
2017-07-07 17:22:55.050  INFO 6220 --- [localhost-startStop-1] o.s.b.w.servlet.FilterRegistrationBean   : Mapping filter: 'httpPutFormContentFilter' to: [/*]
2017-07-07 17:22:55.050  INFO 6220 --- [localhost-startStop-1] o.s.b.w.servlet.FilterRegistrationBean   : Mapping filter: 'requestContextFilter' to: [/*]
2017-07-07 17:22:55.050  INFO 6220 --- [localhost-startStop-1] o.s.b.w.servlet.FilterRegistrationBean   : Mapping filter: 'xssFilter' to urls: [/*]
2017-07-07 17:22:55.050  INFO 6220 --- [localhost-startStop-1] o.s.b.w.servlet.FilterRegistrationBean   : Mapping filter: 'shiroFilter' to: [/*]
2017-07-07 17:22:55.051  INFO 6220 --- [localhost-startStop-1] o.s.b.w.servlet.ServletRegistrationBean  : Mapping servlet: 'dispatcherServlet' to [/]
2017-07-07 17:22:55.687  INFO 6220 --- [main] j.LocalContainerEntityManagerFactoryBean : Building JPA container EntityManagerFactory for persistence unit 'default'
2017-07-07 17:22:55.701  INFO 6220 --- [main] o.hibernate.jpa.internal.util.LogHelper  : HHH000204: Processing PersistenceUnitInfo [
	name: default
	...]
2017-07-07 17:22:55.767  INFO 6220 --- [main] org.hibernate.Version                    : HHH000412: Hibernate Core {5.0.12.Final}
2017-07-07 17:22:55.768  INFO 6220 --- [main] org.hibernate.cfg.Environment            : HHH000206: hibernate.properties not found
2017-07-07 17:22:55.770  INFO 6220 --- [main] org.hibernate.cfg.Environment            : HHH000021: Bytecode provider name : javassist
2017-07-07 17:22:55.807  INFO 6220 --- [main] o.hibernate.annotations.common.Version   : HCANN000001: Hibernate Commons Annotations {5.0.1.Final}
2017-07-07 17:22:55.957  INFO 6220 --- [main] org.hibernate.dialect.Dialect            : HHH000400: Using dialect: org.hibernate.dialect.MySQL5Dialect
2017-07-07 17:22:56.359  INFO 6220 --- [main] org.hibernate.tool.hbm2ddl.SchemaUpdate  : HHH000228: Running hbm2ddl schema update
2017-07-07 17:22:56.528  INFO 6220 --- [main] j.LocalContainerEntityManagerFactoryBean : Initialized JPA EntityManagerFactory for persistence unit 'default'
2017-07-07 17:22:57.572  INFO 6220 --- [main] s.w.s.m.m.a.RequestMappingHandlerAdapter : Looking for @ControllerAdvice: org.springframework.boot.context.embedded.AnnotationConfigEmbeddedWebApplicationContext@38d8f54a: startup date [Fri Jul 07 17:22:52 CST 2017]; root of context hierarchy
2017-07-07 17:22:57.657  INFO 6220 --- [main] s.w.s.m.m.a.RequestMappingHandlerMapping : Mapped "{[/],methods=[GET]}" onto public java.lang.String com.hidear.law.modular.home.controller.HomeController.index()
2017-07-07 17:22:57.658  INFO 6220 --- [main] s.w.s.m.m.a.RequestMappingHandlerMapping : Mapped "{[/login],methods=[GET]}" onto public java.lang.String com.hidear.law.modular.home.controller.LoginController.login()
2017-07-07 17:22:57.659  INFO 6220 --- [main] s.w.s.m.m.a.RequestMappingHandlerMapping : Mapped "{[/login],methods=[POST]}" onto public java.lang.String com.hidear.law.modular.home.controller.LoginController.login(com.hidear.law.modular.user.model.User)
2017-07-07 17:22:57.659  INFO 6220 --- [main] s.w.s.m.m.a.RequestMappingHandlerMapping : Mapped "{[/register],methods=[GET]}" onto public java.lang.String com.hidear.law.modular.home.controller.RegisterController.register()
2017-07-07 17:22:57.660  INFO 6220 --- [main] s.w.s.m.m.a.RequestMappingHandlerMapping : Mapped "{[/register],methods=[POST]}" onto public java.lang.Object com.hidear.law.modular.home.controller.RegisterController.register(com.hidear.law.modular.home.model.RegisterInfo)
2017-07-07 17:22:57.662  INFO 6220 --- [main] s.w.s.m.m.a.RequestMappingHandlerMapping : Mapped "{[/kaptcha]}" onto public void com.hidear.law.modular.system.controller.KaptchaController.index(javax.servlet.http.HttpServletRequest,javax.servlet.http.HttpServletResponse)
2017-07-07 17:22:57.662  INFO 6220 --- [main] s.w.s.m.m.a.RequestMappingHandlerMapping : Mapped "{[/kaptcha/{pictureId}]}" onto public void com.hidear.law.modular.system.controller.KaptchaController.renderPicture(java.lang.String,javax.servlet.http.HttpServletResponse)
2017-07-07 17:22:57.662  INFO 6220 --- [main] s.w.s.m.m.a.RequestMappingHandlerMapping : Mapped "{[/user/]}" onto public com.hidear.law.modular.user.model.User com.hidear.law.modular.user.controller.UserController.getUser()
2017-07-07 17:22:57.664  INFO 6220 --- [main] s.w.s.m.m.a.RequestMappingHandlerMapping : Mapped "{[/error]}" onto public org.springframework.http.ResponseEntity<java.util.Map<java.lang.String, java.lang.Object>> org.springframework.boot.autoconfigure.web.BasicErrorController.error(javax.servlet.http.HttpServletRequest)
2017-07-07 17:22:57.664  INFO 6220 --- [main] s.w.s.m.m.a.RequestMappingHandlerMapping : Mapped "{[/error],produces=[text/html]}" onto public org.springframework.web.servlet.ModelAndView org.springframework.boot.autoconfigure.web.BasicErrorController.errorHtml(javax.servlet.http.HttpServletRequest,javax.servlet.http.HttpServletResponse)
2017-07-07 17:22:57.720  INFO 6220 --- [main] o.s.w.s.handler.SimpleUrlHandlerMapping  : Mapped URL path [/webjars/**] onto handler of type [class org.springframework.web.servlet.resource.ResourceHttpRequestHandler]
2017-07-07 17:22:57.720  INFO 6220 --- [main] o.s.w.s.handler.SimpleUrlHandlerMapping  : Mapped URL path [/static/**] onto handler of type [class org.springframework.web.servlet.resource.ResourceHttpRequestHandler]
2017-07-07 17:22:57.785  INFO 6220 --- [main] o.s.w.s.handler.SimpleUrlHandlerMapping  : Mapped URL path [/**/favicon.ico] onto handler of type [class org.springframework.web.servlet.resource.ResourceHttpRequestHandler]
2017-07-07 17:22:58.155  INFO 6220 --- [main] o.s.j.e.a.AnnotationMBeanExporter        : Registering beans for JMX exposure on startup
2017-07-07 17:22:58.207  INFO 6220 --- [main] s.b.c.e.t.TomcatEmbeddedServletContainer : Tomcat started on port(s): 80 (http)
2017-07-07 17:22:58.212  INFO 6220 --- [main] com.hidear.law.LawApplication            : Started LawApplication in 6.561 seconds (JVM running for 6.948)
2017-07-07 17:22:58.212  INFO 6220 --- [main] com.hidear.law.LawApplication            : LawApplication Start success!!!
2017-07-07 17:23:03.810  INFO 6220 --- [http-nio-80-exec-1] o.a.c.c.C.[Tomcat].[localhost].[/]       : Initializing Spring FrameworkServlet 'dispatcherServlet'
2017-07-07 17:23:03.810  INFO 6220 --- [http-nio-80-exec-1] o.s.web.servlet.DispatcherServlet        : FrameworkServlet 'dispatcherServlet': initialization started
2017-07-07 17:23:03.836  INFO 6220 --- [http-nio-80-exec-1] o.s.web.servlet.DispatcherServlet        : FrameworkServlet 'dispatcherServlet': initialization completed in 25 ms
2017-07-07 17:23:03.851  INFO 6220 --- [http-nio-80-exec-1] a.s.s.m.AbstractValidatingSessionManager : Enabling session validation scheduler...
2017-07-07 17:23:03.883  WARN 6220 --- [http-nio-80-exec-1] o.a.shiro.mgt.AbstractRememberMeManager  : There was a failure while trying to retrieve remembered principals.  This could be due to a configuration problem or corrupted principals.  This could also be due to a recently changed encryption key, if you are using a shiro.ini file, this property would be 'securityManager.rememberMeManager.cipherKey' see: http://shiro.apache.org/web.html#Web-RememberMeServices. The remembered identity will be forgotten and not used for this request.
2017-07-07 17:23:03.892  WARN 6220 --- [http-nio-80-exec-1] o.a.shiro.mgt.DefaultSecurityManager     : Delegate RememberMeManager instance of type [org.apache.shiro.web.mgt.CookieRememberMeManager] threw an exception during getRememberedPrincipals().

org.apache.shiro.io.SerializationException: Unable to deserialize argument byte array.
	at org.apache.shiro.io.DefaultSerializer.deserialize(DefaultSerializer.java:82) ~[shiro-core-1.4.0.jar:1.4.0]
	at org.apache.shiro.mgt.AbstractRememberMeManager.deserialize(AbstractRememberMeManager.java:507) ~[shiro-core-1.4.0.jar:1.4.0]
	at org.apache.shiro.mgt.AbstractRememberMeManager.convertBytesToPrincipals(AbstractRememberMeManager.java:421) ~[shiro-core-1.4.0.jar:1.4.0]
	at org.apache.shiro.mgt.AbstractRememberMeManager.getRememberedPrincipals(AbstractRememberMeManager.java:386) ~[shiro-core-1.4.0.jar:1.4.0]
	at org.apache.shiro.mgt.DefaultSecurityManager.getRememberedIdentity(DefaultSecurityManager.java:612) [shiro-core-1.4.0.jar:1.4.0]
	at org.apache.shiro.mgt.DefaultSecurityManager.resolvePrincipals(DefaultSecurityManager.java:500) [shiro-core-1.4.0.jar:1.4.0]
	at org.apache.shiro.mgt.DefaultSecurityManager.createSubject(DefaultSecurityManager.java:346) [shiro-core-1.4.0.jar:1.4.0]
	at org.apache.shiro.subject.Subject$Builder.buildSubject(Subject.java:845) [shiro-core-1.4.0.jar:1.4.0]
	at org.apache.shiro.web.subject.WebSubject$Builder.buildWebSubject(WebSubject.java:148) [shiro-web-1.4.0.jar:1.4.0]
	at org.apache.shiro.web.servlet.AbstractShiroFilter.createSubject(AbstractShiroFilter.java:292) [shiro-web-1.4.0.jar:1.4.0]
	at org.apache.shiro.web.servlet.AbstractShiroFilter.doFilterInternal(AbstractShiroFilter.java:359) [shiro-web-1.4.0.jar:1.4.0]
	at org.apache.shiro.web.servlet.OncePerRequestFilter.doFilter(OncePerRequestFilter.java:125) [shiro-web-1.4.0.jar:1.4.0]
	at org.apache.catalina.core.ApplicationFilterChain.internalDoFilter(ApplicationFilterChain.java:193) [tomcat-embed-core-8.5.15.jar:8.5.15]
	at org.apache.catalina.core.ApplicationFilterChain.doFilter(ApplicationFilterChain.java:166) [tomcat-embed-core-8.5.15.jar:8.5.15]
	at com.hidear.law.core.util.xss.XssFilter.doFilter(XssFilter.java:22) [classes/:na]
	at org.apache.catalina.core.ApplicationFilterChain.internalDoFilter(ApplicationFilterChain.java:193) [tomcat-embed-core-8.5.15.jar:8.5.15]
	at org.apache.catalina.core.ApplicationFilterChain.doFilter(ApplicationFilterChain.java:166) [tomcat-embed-core-8.5.15.jar:8.5.15]
	at org.springframework.web.filter.RequestContextFilter.doFilterInternal(RequestContextFilter.java:99) [spring-web-4.3.9.RELEASE.jar:4.3.9.RELEASE]
	at org.springframework.web.filter.OncePerRequestFilter.doFilter(OncePerRequestFilter.java:107) [spring-web-4.3.9.RELEASE.jar:4.3.9.RELEASE]
	at org.apache.catalina.core.ApplicationFilterChain.internalDoFilter(ApplicationFilterChain.java:193) [tomcat-embed-core-8.5.15.jar:8.5.15]
	at org.apache.catalina.core.ApplicationFilterChain.doFilter(ApplicationFilterChain.java:166) [tomcat-embed-core-8.5.15.jar:8.5.15]
	at org.springframework.web.filter.HttpPutFormContentFilter.doFilterInternal(HttpPutFormContentFilter.java:105) [spring-web-4.3.9.RELEASE.jar:4.3.9.RELEASE]
	at org.springframework.web.filter.OncePerRequestFilter.doFilter(OncePerRequestFilter.java:107) [spring-web-4.3.9.RELEASE.jar:4.3.9.RELEASE]
	at org.apache.catalina.core.ApplicationFilterChain.internalDoFilter(ApplicationFilterChain.java:193) [tomcat-embed-core-8.5.15.jar:8.5.15]
	at org.apache.catalina.core.ApplicationFilterChain.doFilter(ApplicationFilterChain.java:166) [tomcat-embed-core-8.5.15.jar:8.5.15]
	at org.springframework.web.filter.HiddenHttpMethodFilter.doFilterInternal(HiddenHttpMethodFilter.java:81) [spring-web-4.3.9.RELEASE.jar:4.3.9.RELEASE]
	at org.springframework.web.filter.OncePerRequestFilter.doFilter(OncePerRequestFilter.java:107) [spring-web-4.3.9.RELEASE.jar:4.3.9.RELEASE]
	at org.apache.catalina.core.ApplicationFilterChain.internalDoFilter(ApplicationFilterChain.java:193) [tomcat-embed-core-8.5.15.jar:8.5.15]
	at org.apache.catalina.core.ApplicationFilterChain.doFilter(ApplicationFilterChain.java:166) [tomcat-embed-core-8.5.15.jar:8.5.15]
	at org.springframework.web.filter.CharacterEncodingFilter.doFilterInternal(CharacterEncodingFilter.java:197) [spring-web-4.3.9.RELEASE.jar:4.3.9.RELEASE]
	at org.springframework.web.filter.OncePerRequestFilter.doFilter(OncePerRequestFilter.java:107) [spring-web-4.3.9.RELEASE.jar:4.3.9.RELEASE]
	at org.apache.catalina.core.ApplicationFilterChain.internalDoFilter(ApplicationFilterChain.java:193) [tomcat-embed-core-8.5.15.jar:8.5.15]
	at org.apache.catalina.core.ApplicationFilterChain.doFilter(ApplicationFilterChain.java:166) [tomcat-embed-core-8.5.15.jar:8.5.15]
	at org.apache.catalina.core.StandardWrapperValve.invoke(StandardWrapperValve.java:198) [tomcat-embed-core-8.5.15.jar:8.5.15]
	at org.apache.catalina.core.StandardContextValve.invoke(StandardContextValve.java:96) [tomcat-embed-core-8.5.15.jar:8.5.15]
	at org.apache.catalina.authenticator.AuthenticatorBase.invoke(AuthenticatorBase.java:478) [tomcat-embed-core-8.5.15.jar:8.5.15]
	at org.apache.catalina.core.StandardHostValve.invoke(StandardHostValve.java:140) [tomcat-embed-core-8.5.15.jar:8.5.15]
	at org.apache.catalina.valves.ErrorReportValve.invoke(ErrorReportValve.java:80) [tomcat-embed-core-8.5.15.jar:8.5.15]
	at org.apache.catalina.core.StandardEngineValve.invoke(StandardEngineValve.java:87) [tomcat-embed-core-8.5.15.jar:8.5.15]
	at org.apache.catalina.connector.CoyoteAdapter.service(CoyoteAdapter.java:342) [tomcat-embed-core-8.5.15.jar:8.5.15]
	at org.apache.coyote.http11.Http11Processor.service(Http11Processor.java:799) [tomcat-embed-core-8.5.15.jar:8.5.15]
	at org.apache.coyote.AbstractProcessorLight.process(AbstractProcessorLight.java:66) [tomcat-embed-core-8.5.15.jar:8.5.15]
	at org.apache.coyote.AbstractProtocol$ConnectionHandler.process(AbstractProtocol.java:861) [tomcat-embed-core-8.5.15.jar:8.5.15]
	at org.apache.tomcat.util.net.NioEndpoint$SocketProcessor.doRun(NioEndpoint.java:1455) [tomcat-embed-core-8.5.15.jar:8.5.15]
	at org.apache.tomcat.util.net.SocketProcessorBase.run(SocketProcessorBase.java:49) [tomcat-embed-core-8.5.15.jar:8.5.15]
	at java.util.concurrent.ThreadPoolExecutor.runWorker(ThreadPoolExecutor.java:1142) [na:1.8.0_101]
	at java.util.concurrent.ThreadPoolExecutor$Worker.run(ThreadPoolExecutor.java:617) [na:1.8.0_101]
	at org.apache.tomcat.util.threads.TaskThread$WrappingRunnable.run(TaskThread.java:61) [tomcat-embed-core-8.5.15.jar:8.5.15]
	at java.lang.Thread.run(Thread.java:745) [na:1.8.0_101]
Caused by: java.lang.ClassNotFoundException: Unable to load ObjectStreamClass [com.stylefeng.guns.core.shiro.ShiroUser: static final long serialVersionUID = 1L;]: 
	at org.apache.shiro.io.ClassResolvingObjectInputStream.resolveClass(ClassResolvingObjectInputStream.java:55) ~[shiro-core-1.4.0.jar:1.4.0]
	at java.io.ObjectInputStream.readNonProxyDesc(ObjectInputStream.java:1620) ~[na:1.8.0_101]
	at java.io.ObjectInputStream.readClassDesc(ObjectInputStream.java:1521) ~[na:1.8.0_101]
	at java.io.ObjectInputStream.readOrdinaryObject(ObjectInputStream.java:1781) ~[na:1.8.0_101]
	at java.io.ObjectInputStream.readObject0(ObjectInputStream.java:1353) ~[na:1.8.0_101]
	at java.io.ObjectInputStream.readObject(ObjectInputStream.java:373) ~[na:1.8.0_101]
	at java.util.HashSet.readObject(HashSet.java:333) ~[na:1.8.0_101]
	at sun.reflect.NativeMethodAccessorImpl.invoke0(Native Method) ~[na:1.8.0_101]
	at sun.reflect.NativeMethodAccessorImpl.invoke(NativeMethodAccessorImpl.java:62) ~[na:1.8.0_101]
	at sun.reflect.DelegatingMethodAccessorImpl.invoke(DelegatingMethodAccessorImpl.java:43) ~[na:1.8.0_101]
	at java.lang.reflect.Method.invoke(Method.java:498) ~[na:1.8.0_101]
	at java.io.ObjectStreamClass.invokeReadObject(ObjectStreamClass.java:1058) ~[na:1.8.0_101]
	at java.io.ObjectInputStream.readSerialData(ObjectInputStream.java:1909) ~[na:1.8.0_101]
	at java.io.ObjectInputStream.readOrdinaryObject(ObjectInputStream.java:1808) ~[na:1.8.0_101]
	at java.io.ObjectInputStream.readObject0(ObjectInputStream.java:1353) ~[na:1.8.0_101]
	at java.io.ObjectInputStream.readObject(ObjectInputStream.java:373) ~[na:1.8.0_101]
	at java.util.HashMap.readObject(HashMap.java:1404) ~[na:1.8.0_101]
	at sun.reflect.NativeMethodAccessorImpl.invoke0(Native Method) ~[na:1.8.0_101]
	at sun.reflect.NativeMethodAccessorImpl.invoke(NativeMethodAccessorImpl.java:62) ~[na:1.8.0_101]
	at sun.reflect.DelegatingMethodAccessorImpl.invoke(DelegatingMethodAccessorImpl.java:43) ~[na:1.8.0_101]
	at java.lang.reflect.Method.invoke(Method.java:498) ~[na:1.8.0_101]
	at java.io.ObjectStreamClass.invokeReadObject(ObjectStreamClass.java:1058) ~[na:1.8.0_101]
	at java.io.ObjectInputStream.readSerialData(ObjectInputStream.java:1909) ~[na:1.8.0_101]
	at java.io.ObjectInputStream.readOrdinaryObject(ObjectInputStream.java:1808) ~[na:1.8.0_101]
	at java.io.ObjectInputStream.readObject0(ObjectInputStream.java:1353) ~[na:1.8.0_101]
	at java.io.ObjectInputStream.defaultReadFields(ObjectInputStream.java:2018) ~[na:1.8.0_101]
	at java.io.ObjectInputStream.defaultReadObject(ObjectInputStream.java:503) ~[na:1.8.0_101]
	at org.apache.shiro.subject.SimplePrincipalCollection.readObject(SimplePrincipalCollection.java:295) ~[shiro-core-1.4.0.jar:1.4.0]
	at sun.reflect.NativeMethodAccessorImpl.invoke0(Native Method) ~[na:1.8.0_101]
	at sun.reflect.NativeMethodAccessorImpl.invoke(NativeMethodAccessorImpl.java:62) ~[na:1.8.0_101]
	at sun.reflect.DelegatingMethodAccessorImpl.invoke(DelegatingMethodAccessorImpl.java:43) ~[na:1.8.0_101]
	at java.lang.reflect.Method.invoke(Method.java:498) ~[na:1.8.0_101]
	at java.io.ObjectStreamClass.invokeReadObject(ObjectStreamClass.java:1058) ~[na:1.8.0_101]
	at java.io.ObjectInputStream.readSerialData(ObjectInputStream.java:1909) ~[na:1.8.0_101]
	at java.io.ObjectInputStream.readOrdinaryObject(ObjectInputStream.java:1808) ~[na:1.8.0_101]
	at java.io.ObjectInputStream.readObject0(ObjectInputStream.java:1353) ~[na:1.8.0_101]
	at java.io.ObjectInputStream.readObject(ObjectInputStream.java:373) ~[na:1.8.0_101]
	at org.apache.shiro.io.DefaultSerializer.deserialize(DefaultSerializer.java:77) ~[shiro-core-1.4.0.jar:1.4.0]
	... 48 common frames omitted
Caused by: org.apache.shiro.util.UnknownClassException: Unable to load class named [com.stylefeng.guns.core.shiro.ShiroUser] from the thread context, current, or system/application ClassLoaders.  All heuristics have been exhausted.  Class could not be found.
	at org.apache.shiro.util.ClassUtils.forName(ClassUtils.java:152) ~[shiro-core-1.4.0.jar:1.4.0]
	at org.apache.shiro.io.ClassResolvingObjectInputStream.resolveClass(ClassResolvingObjectInputStream.java:53) ~[shiro-core-1.4.0.jar:1.4.0]
	... 85 common frames omitted

2017-07-07 17:26:36.227  INFO 9748 --- [main] com.hidear.law.LawApplication            : Starting LawApplication on PC-20160708WMDP with PID 9748 (D:\developer\idea\ideaIU-2016.2.5\workspace\law\target\classes started by Administrator in D:\developer\idea\ideaIU-2016.2.5\workspace\law)
2017-07-07 17:26:36.233  INFO 9748 --- [main] com.hidear.law.LawApplication            : The following profiles are active: dev
2017-07-07 17:26:36.448  INFO 9748 --- [main] ationConfigEmbeddedWebApplicationContext : Refreshing org.springframework.boot.context.embedded.AnnotationConfigEmbeddedWebApplicationContext@38d8f54a: startup date [Fri Jul 07 17:26:36 CST 2017]; root of context hierarchy
2017-07-07 17:26:37.733  INFO 9748 --- [main] trationDelegate$BeanPostProcessorChecker : Bean 'shiroConfig' of type [com.hidear.law.config.web.ShiroConfig$$EnhancerBySpringCGLIB$$247d9d60] is not eligible for getting processed by all BeanPostProcessors (for example: not eligible for auto-proxying)
2017-07-07 17:26:37.801  INFO 9748 --- [main] trationDelegate$BeanPostProcessorChecker : Bean 'rememberMeCookie' of type [org.apache.shiro.web.servlet.SimpleCookie] is not eligible for getting processed by all BeanPostProcessors (for example: not eligible for auto-proxying)
2017-07-07 17:26:38.084  INFO 9748 --- [main] trationDelegate$BeanPostProcessorChecker : Bean 'rememberMeManager' of type [org.apache.shiro.web.mgt.CookieRememberMeManager] is not eligible for getting processed by all BeanPostProcessors (for example: not eligible for auto-proxying)
2017-07-07 17:26:38.091  INFO 9748 --- [main] trationDelegate$BeanPostProcessorChecker : Bean 'ehCacheConfig' of type [com.hidear.law.config.EhCacheConfig$$EnhancerBySpringCGLIB$$44d3d5a8] is not eligible for getting processed by all BeanPostProcessors (for example: not eligible for auto-proxying)
2017-07-07 17:26:38.098  INFO 9748 --- [main] o.s.c.ehcache.EhCacheManagerFactoryBean  : Initializing EhCache CacheManager
2017-07-07 17:26:38.191  INFO 9748 --- [main] trationDelegate$BeanPostProcessorChecker : Bean 'ehcache' of type [org.springframework.cache.ehcache.EhCacheManagerFactoryBean] is not eligible for getting processed by all BeanPostProcessors (for example: not eligible for auto-proxying)
2017-07-07 17:26:38.195  INFO 9748 --- [main] trationDelegate$BeanPostProcessorChecker : Bean 'getCacheShiroManager' of type [org.apache.shiro.cache.ehcache.EhCacheManager] is not eligible for getting processed by all BeanPostProcessors (for example: not eligible for auto-proxying)
2017-07-07 17:26:38.305  INFO 9748 --- [main] trationDelegate$BeanPostProcessorChecker : Bean 'lawProperties' of type [com.hidear.law.config.properties.LawProperties] is not eligible for getting processed by all BeanPostProcessors (for example: not eligible for auto-proxying)
2017-07-07 17:26:38.319  INFO 9748 --- [main] trationDelegate$BeanPostProcessorChecker : Bean 'defaultWebSessionManager' of type [org.apache.shiro.web.session.mgt.DefaultWebSessionManager] is not eligible for getting processed by all BeanPostProcessors (for example: not eligible for auto-proxying)
2017-07-07 17:26:38.342  INFO 9748 --- [main] trationDelegate$BeanPostProcessorChecker : Bean 'shiroDbRealm' of type [com.hidear.law.core.shiro.ShiroDBRealm] is not eligible for getting processed by all BeanPostProcessors (for example: not eligible for auto-proxying)
2017-07-07 17:26:38.343  INFO 9748 --- [main] o.a.shiro.cache.ehcache.EhCacheManager   : Cache with name 'com.hidear.law.core.shiro.ShiroDBRealm.authorizationCache' does not yet exist.  Creating now.
2017-07-07 17:26:38.349  INFO 9748 --- [main] o.a.shiro.cache.ehcache.EhCacheManager   : Added EhCache named [com.hidear.law.core.shiro.ShiroDBRealm.authorizationCache]
2017-07-07 17:26:38.362  INFO 9748 --- [main] trationDelegate$BeanPostProcessorChecker : Bean 'securityManager' of type [org.apache.shiro.web.mgt.DefaultWebSecurityManager] is not eligible for getting processed by all BeanPostProcessors (for example: not eligible for auto-proxying)
2017-07-07 17:26:38.370  INFO 9748 --- [main] trationDelegate$BeanPostProcessorChecker : Bean 'methodInvokingFactoryBean' of type [org.springframework.beans.factory.config.MethodInvokingFactoryBean] is not eligible for getting processed by all BeanPostProcessors (for example: not eligible for auto-proxying)
2017-07-07 17:26:38.433  INFO 9748 --- [main] trationDelegate$BeanPostProcessorChecker : Bean 'authorizationAttributeSourceAdvisor' of type [org.apache.shiro.spring.security.interceptor.AuthorizationAttributeSourceAdvisor] is not eligible for getting processed by all BeanPostProcessors (for example: not eligible for auto-proxying)
2017-07-07 17:26:38.460  INFO 9748 --- [main] trationDelegate$BeanPostProcessorChecker : Bean 'org.springframework.transaction.annotation.ProxyTransactionManagementConfiguration' of type [org.springframework.transaction.annotation.ProxyTransactionManagementConfiguration$$EnhancerBySpringCGLIB$$cd0f2374] is not eligible for getting processed by all BeanPostProcessors (for example: not eligible for auto-proxying)
2017-07-07 17:26:38.499  INFO 9748 --- [main] trationDelegate$BeanPostProcessorChecker : Bean 'org.springframework.cache.annotation.ProxyCachingConfiguration' of type [org.springframework.cache.annotation.ProxyCachingConfiguration$$EnhancerBySpringCGLIB$$16215992] is not eligible for getting processed by all BeanPostProcessors (for example: not eligible for auto-proxying)
2017-07-07 17:26:38.891  INFO 9748 --- [main] s.b.c.e.t.TomcatEmbeddedServletContainer : Tomcat initialized with port(s): 80 (http)
2017-07-07 17:26:38.902  INFO 9748 --- [main] o.apache.catalina.core.StandardService   : Starting service [Tomcat]
2017-07-07 17:26:38.903  INFO 9748 --- [main] org.apache.catalina.core.StandardEngine  : Starting Servlet Engine: Apache Tomcat/8.5.15
2017-07-07 17:26:39.015  INFO 9748 --- [localhost-startStop-1] o.a.c.c.C.[Tomcat].[localhost].[/]       : Initializing Spring embedded WebApplicationContext
2017-07-07 17:26:39.015  INFO 9748 --- [localhost-startStop-1] o.s.web.context.ContextLoader            : Root WebApplicationContext: initialization completed in 2578 ms
2017-07-07 17:26:39.293  INFO 9748 --- [localhost-startStop-1] o.s.b.w.servlet.FilterRegistrationBean   : Mapping filter: 'characterEncodingFilter' to: [/*]
2017-07-07 17:26:39.293  INFO 9748 --- [localhost-startStop-1] o.s.b.w.servlet.FilterRegistrationBean   : Mapping filter: 'hiddenHttpMethodFilter' to: [/*]
2017-07-07 17:26:39.294  INFO 9748 --- [localhost-startStop-1] o.s.b.w.servlet.FilterRegistrationBean   : Mapping filter: 'httpPutFormContentFilter' to: [/*]
2017-07-07 17:26:39.294  INFO 9748 --- [localhost-startStop-1] o.s.b.w.servlet.FilterRegistrationBean   : Mapping filter: 'requestContextFilter' to: [/*]
2017-07-07 17:26:39.294  INFO 9748 --- [localhost-startStop-1] o.s.b.w.servlet.FilterRegistrationBean   : Mapping filter: 'xssFilter' to urls: [/*]
2017-07-07 17:26:39.294  INFO 9748 --- [localhost-startStop-1] o.s.b.w.servlet.FilterRegistrationBean   : Mapping filter: 'shiroFilter' to: [/*]
2017-07-07 17:26:39.294  INFO 9748 --- [localhost-startStop-1] o.s.b.w.servlet.ServletRegistrationBean  : Mapping servlet: 'dispatcherServlet' to [/]
2017-07-07 17:26:39.902  INFO 9748 --- [main] j.LocalContainerEntityManagerFactoryBean : Building JPA container EntityManagerFactory for persistence unit 'default'
2017-07-07 17:26:39.917  INFO 9748 --- [main] o.hibernate.jpa.internal.util.LogHelper  : HHH000204: Processing PersistenceUnitInfo [
	name: default
	...]
2017-07-07 17:26:39.982  INFO 9748 --- [main] org.hibernate.Version                    : HHH000412: Hibernate Core {5.0.12.Final}
2017-07-07 17:26:39.983  INFO 9748 --- [main] org.hibernate.cfg.Environment            : HHH000206: hibernate.properties not found
2017-07-07 17:26:39.985  INFO 9748 --- [main] org.hibernate.cfg.Environment            : HHH000021: Bytecode provider name : javassist
2017-07-07 17:26:40.023  INFO 9748 --- [main] o.hibernate.annotations.common.Version   : HCANN000001: Hibernate Commons Annotations {5.0.1.Final}
2017-07-07 17:26:40.181  INFO 9748 --- [main] org.hibernate.dialect.Dialect            : HHH000400: Using dialect: org.hibernate.dialect.MySQL5Dialect
2017-07-07 17:26:40.590  INFO 9748 --- [main] org.hibernate.tool.hbm2ddl.SchemaUpdate  : HHH000228: Running hbm2ddl schema update
2017-07-07 17:26:40.731  INFO 9748 --- [main] j.LocalContainerEntityManagerFactoryBean : Initialized JPA EntityManagerFactory for persistence unit 'default'
2017-07-07 17:26:41.763  INFO 9748 --- [main] s.w.s.m.m.a.RequestMappingHandlerAdapter : Looking for @ControllerAdvice: org.springframework.boot.context.embedded.AnnotationConfigEmbeddedWebApplicationContext@38d8f54a: startup date [Fri Jul 07 17:26:36 CST 2017]; root of context hierarchy
2017-07-07 17:26:41.847  INFO 9748 --- [main] s.w.s.m.m.a.RequestMappingHandlerMapping : Mapped "{[/],methods=[GET]}" onto public java.lang.String com.hidear.law.modular.home.controller.HomeController.index()
2017-07-07 17:26:41.848  INFO 9748 --- [main] s.w.s.m.m.a.RequestMappingHandlerMapping : Mapped "{[/login],methods=[GET]}" onto public java.lang.String com.hidear.law.modular.home.controller.LoginController.login()
2017-07-07 17:26:41.848  INFO 9748 --- [main] s.w.s.m.m.a.RequestMappingHandlerMapping : Mapped "{[/login],methods=[POST]}" onto public java.lang.String com.hidear.law.modular.home.controller.LoginController.login(com.hidear.law.modular.user.model.User)
2017-07-07 17:26:41.849  INFO 9748 --- [main] s.w.s.m.m.a.RequestMappingHandlerMapping : Mapped "{[/register],methods=[GET]}" onto public java.lang.String com.hidear.law.modular.home.controller.RegisterController.register()
2017-07-07 17:26:41.849  INFO 9748 --- [main] s.w.s.m.m.a.RequestMappingHandlerMapping : Mapped "{[/register],methods=[POST]}" onto public java.lang.Object com.hidear.law.modular.home.controller.RegisterController.register(com.hidear.law.modular.home.model.RegisterInfo)
2017-07-07 17:26:41.851  INFO 9748 --- [main] s.w.s.m.m.a.RequestMappingHandlerMapping : Mapped "{[/kaptcha]}" onto public void com.hidear.law.modular.system.controller.KaptchaController.index(javax.servlet.http.HttpServletRequest,javax.servlet.http.HttpServletResponse)
2017-07-07 17:26:41.851  INFO 9748 --- [main] s.w.s.m.m.a.RequestMappingHandlerMapping : Mapped "{[/kaptcha/{pictureId}]}" onto public void com.hidear.law.modular.system.controller.KaptchaController.renderPicture(java.lang.String,javax.servlet.http.HttpServletResponse)
2017-07-07 17:26:41.852  INFO 9748 --- [main] s.w.s.m.m.a.RequestMappingHandlerMapping : Mapped "{[/user/]}" onto public com.hidear.law.modular.user.model.User com.hidear.law.modular.user.controller.UserController.getUser()
2017-07-07 17:26:41.853  INFO 9748 --- [main] s.w.s.m.m.a.RequestMappingHandlerMapping : Mapped "{[/error]}" onto public org.springframework.http.ResponseEntity<java.util.Map<java.lang.String, java.lang.Object>> org.springframework.boot.autoconfigure.web.BasicErrorController.error(javax.servlet.http.HttpServletRequest)
2017-07-07 17:26:41.853  INFO 9748 --- [main] s.w.s.m.m.a.RequestMappingHandlerMapping : Mapped "{[/error],produces=[text/html]}" onto public org.springframework.web.servlet.ModelAndView org.springframework.boot.autoconfigure.web.BasicErrorController.errorHtml(javax.servlet.http.HttpServletRequest,javax.servlet.http.HttpServletResponse)
2017-07-07 17:26:41.911  INFO 9748 --- [main] o.s.w.s.handler.SimpleUrlHandlerMapping  : Mapped URL path [/webjars/**] onto handler of type [class org.springframework.web.servlet.resource.ResourceHttpRequestHandler]
2017-07-07 17:26:41.911  INFO 9748 --- [main] o.s.w.s.handler.SimpleUrlHandlerMapping  : Mapped URL path [/static/**] onto handler of type [class org.springframework.web.servlet.resource.ResourceHttpRequestHandler]
2017-07-07 17:26:41.973  INFO 9748 --- [main] o.s.w.s.handler.SimpleUrlHandlerMapping  : Mapped URL path [/**/favicon.ico] onto handler of type [class org.springframework.web.servlet.resource.ResourceHttpRequestHandler]
2017-07-07 17:26:42.365  INFO 9748 --- [main] o.s.j.e.a.AnnotationMBeanExporter        : Registering beans for JMX exposure on startup
2017-07-07 17:26:42.422  INFO 9748 --- [main] s.b.c.e.t.TomcatEmbeddedServletContainer : Tomcat started on port(s): 80 (http)
2017-07-07 17:26:42.427  INFO 9748 --- [main] com.hidear.law.LawApplication            : Started LawApplication in 6.697 seconds (JVM running for 7.075)
2017-07-07 17:26:42.427  INFO 9748 --- [main] com.hidear.law.LawApplication            : LawApplication Start success!!!
2017-07-07 17:26:51.116  INFO 9748 --- [http-nio-80-exec-1] o.a.c.c.C.[Tomcat].[localhost].[/]       : Initializing Spring FrameworkServlet 'dispatcherServlet'
2017-07-07 17:26:51.116  INFO 9748 --- [http-nio-80-exec-1] o.s.web.servlet.DispatcherServlet        : FrameworkServlet 'dispatcherServlet': initialization started
2017-07-07 17:26:51.141  INFO 9748 --- [http-nio-80-exec-1] o.s.web.servlet.DispatcherServlet        : FrameworkServlet 'dispatcherServlet': initialization completed in 25 ms
2017-07-07 17:26:51.157  INFO 9748 --- [http-nio-80-exec-1] a.s.s.m.AbstractValidatingSessionManager : Enabling session validation scheduler...
2017-07-07 17:41:51.170  INFO 9748 --- [SessionValidationThread-1] a.s.s.m.AbstractValidatingSessionManager : Validating all active sessions...
2017-07-07 17:41:51.171  INFO 9748 --- [SessionValidationThread-1] a.s.s.m.AbstractValidatingSessionManager : Finished session validation.  No sessions were stopped.
2017-07-07 17:45:54.492  INFO 8904 --- [main] com.hidear.law.LawApplication            : Starting LawApplication on PC-20160708WMDP with PID 8904 (D:\developer\idea\ideaIU-2016.2.5\workspace\law\target\classes started by Administrator in D:\developer\idea\ideaIU-2016.2.5\workspace\law)
2017-07-07 17:45:54.495  INFO 8904 --- [main] com.hidear.law.LawApplication            : The following profiles are active: dev
2017-07-07 17:45:54.581  INFO 8904 --- [main] ationConfigEmbeddedWebApplicationContext : Refreshing org.springframework.boot.context.embedded.AnnotationConfigEmbeddedWebApplicationContext@38d8f54a: startup date [Fri Jul 07 17:45:54 CST 2017]; root of context hierarchy
2017-07-07 17:45:55.976  INFO 8904 --- [main] trationDelegate$BeanPostProcessorChecker : Bean 'shiroConfig' of type [com.hidear.law.config.web.ShiroConfig$$EnhancerBySpringCGLIB$$a88c59b6] is not eligible for getting processed by all BeanPostProcessors (for example: not eligible for auto-proxying)
2017-07-07 17:45:56.042  INFO 8904 --- [main] trationDelegate$BeanPostProcessorChecker : Bean 'rememberMeCookie' of type [org.apache.shiro.web.servlet.SimpleCookie] is not eligible for getting processed by all BeanPostProcessors (for example: not eligible for auto-proxying)
2017-07-07 17:45:56.324  INFO 8904 --- [main] trationDelegate$BeanPostProcessorChecker : Bean 'rememberMeManager' of type [org.apache.shiro.web.mgt.CookieRememberMeManager] is not eligible for getting processed by all BeanPostProcessors (for example: not eligible for auto-proxying)
2017-07-07 17:45:56.331  INFO 8904 --- [main] trationDelegate$BeanPostProcessorChecker : Bean 'ehCacheConfig' of type [com.hidear.law.config.EhCacheConfig$$EnhancerBySpringCGLIB$$c8e291fe] is not eligible for getting processed by all BeanPostProcessors (for example: not eligible for auto-proxying)
2017-07-07 17:45:56.338  INFO 8904 --- [main] o.s.c.ehcache.EhCacheManagerFactoryBean  : Initializing EhCache CacheManager
2017-07-07 17:45:56.460  INFO 8904 --- [main] trationDelegate$BeanPostProcessorChecker : Bean 'ehcache' of type [org.springframework.cache.ehcache.EhCacheManagerFactoryBean] is not eligible for getting processed by all BeanPostProcessors (for example: not eligible for auto-proxying)
2017-07-07 17:45:56.465  INFO 8904 --- [main] trationDelegate$BeanPostProcessorChecker : Bean 'getCacheShiroManager' of type [org.apache.shiro.cache.ehcache.EhCacheManager] is not eligible for getting processed by all BeanPostProcessors (for example: not eligible for auto-proxying)
2017-07-07 17:45:56.572  INFO 8904 --- [main] trationDelegate$BeanPostProcessorChecker : Bean 'lawProperties' of type [com.hidear.law.config.properties.LawProperties] is not eligible for getting processed by all BeanPostProcessors (for example: not eligible for auto-proxying)
2017-07-07 17:45:56.587  INFO 8904 --- [main] trationDelegate$BeanPostProcessorChecker : Bean 'defaultWebSessionManager' of type [org.apache.shiro.web.session.mgt.DefaultWebSessionManager] is not eligible for getting processed by all BeanPostProcessors (for example: not eligible for auto-proxying)
2017-07-07 17:45:56.610  INFO 8904 --- [main] trationDelegate$BeanPostProcessorChecker : Bean 'shiroDbRealm' of type [com.hidear.law.core.shiro.ShiroDBRealm] is not eligible for getting processed by all BeanPostProcessors (for example: not eligible for auto-proxying)
2017-07-07 17:45:56.610  INFO 8904 --- [main] o.a.shiro.cache.ehcache.EhCacheManager   : Cache with name 'com.hidear.law.core.shiro.ShiroDBRealm.authorizationCache' does not yet exist.  Creating now.
2017-07-07 17:45:56.617  INFO 8904 --- [main] o.a.shiro.cache.ehcache.EhCacheManager   : Added EhCache named [com.hidear.law.core.shiro.ShiroDBRealm.authorizationCache]
2017-07-07 17:45:56.629  INFO 8904 --- [main] trationDelegate$BeanPostProcessorChecker : Bean 'securityManager' of type [org.apache.shiro.web.mgt.DefaultWebSecurityManager] is not eligible for getting processed by all BeanPostProcessors (for example: not eligible for auto-proxying)
2017-07-07 17:45:56.636  INFO 8904 --- [main] trationDelegate$BeanPostProcessorChecker : Bean 'methodInvokingFactoryBean' of type [org.springframework.beans.factory.config.MethodInvokingFactoryBean] is not eligible for getting processed by all BeanPostProcessors (for example: not eligible for auto-proxying)
2017-07-07 17:45:56.697  INFO 8904 --- [main] trationDelegate$BeanPostProcessorChecker : Bean 'authorizationAttributeSourceAdvisor' of type [org.apache.shiro.spring.security.interceptor.AuthorizationAttributeSourceAdvisor] is not eligible for getting processed by all BeanPostProcessors (for example: not eligible for auto-proxying)
2017-07-07 17:45:56.721  INFO 8904 --- [main] trationDelegate$BeanPostProcessorChecker : Bean 'org.springframework.transaction.annotation.ProxyTransactionManagementConfiguration' of type [org.springframework.transaction.annotation.ProxyTransactionManagementConfiguration$$EnhancerBySpringCGLIB$$511ddfca] is not eligible for getting processed by all BeanPostProcessors (for example: not eligible for auto-proxying)
2017-07-07 17:45:56.760  INFO 8904 --- [main] trationDelegate$BeanPostProcessorChecker : Bean 'org.springframework.cache.annotation.ProxyCachingConfiguration' of type [org.springframework.cache.annotation.ProxyCachingConfiguration$$EnhancerBySpringCGLIB$$9a3015e8] is not eligible for getting processed by all BeanPostProcessors (for example: not eligible for auto-proxying)
2017-07-07 17:45:57.110  INFO 8904 --- [main] s.b.c.e.t.TomcatEmbeddedServletContainer : Tomcat initialized with port(s): 80 (http)
2017-07-07 17:45:57.120  INFO 8904 --- [main] o.apache.catalina.core.StandardService   : Starting service [Tomcat]
2017-07-07 17:45:57.121  INFO 8904 --- [main] org.apache.catalina.core.StandardEngine  : Starting Servlet Engine: Apache Tomcat/8.5.15
2017-07-07 17:45:57.244  INFO 8904 --- [localhost-startStop-1] o.a.c.c.C.[Tomcat].[localhost].[/]       : Initializing Spring embedded WebApplicationContext
2017-07-07 17:45:57.244  INFO 8904 --- [localhost-startStop-1] o.s.web.context.ContextLoader            : Root WebApplicationContext: initialization completed in 2666 ms
2017-07-07 17:45:57.513  INFO 8904 --- [localhost-startStop-1] o.s.b.w.servlet.FilterRegistrationBean   : Mapping filter: 'characterEncodingFilter' to: [/*]
2017-07-07 17:45:57.513  INFO 8904 --- [localhost-startStop-1] o.s.b.w.servlet.FilterRegistrationBean   : Mapping filter: 'hiddenHttpMethodFilter' to: [/*]
2017-07-07 17:45:57.513  INFO 8904 --- [localhost-startStop-1] o.s.b.w.servlet.FilterRegistrationBean   : Mapping filter: 'httpPutFormContentFilter' to: [/*]
2017-07-07 17:45:57.513  INFO 8904 --- [localhost-startStop-1] o.s.b.w.servlet.FilterRegistrationBean   : Mapping filter: 'requestContextFilter' to: [/*]
2017-07-07 17:45:57.514  INFO 8904 --- [localhost-startStop-1] o.s.b.w.servlet.FilterRegistrationBean   : Mapping filter: 'xssFilter' to urls: [/*]
2017-07-07 17:45:57.514  INFO 8904 --- [localhost-startStop-1] o.s.b.w.servlet.FilterRegistrationBean   : Mapping filter: 'shiroFilter' to: [/*]
2017-07-07 17:45:57.514  INFO 8904 --- [localhost-startStop-1] o.s.b.w.servlet.ServletRegistrationBean  : Mapping servlet: 'dispatcherServlet' to [/]
2017-07-07 17:45:58.193  INFO 8904 --- [main] j.LocalContainerEntityManagerFactoryBean : Building JPA container EntityManagerFactory for persistence unit 'default'
2017-07-07 17:45:58.208  INFO 8904 --- [main] o.hibernate.jpa.internal.util.LogHelper  : HHH000204: Processing PersistenceUnitInfo [
	name: default
	...]
2017-07-07 17:45:58.276  INFO 8904 --- [main] org.hibernate.Version                    : HHH000412: Hibernate Core {5.0.12.Final}
2017-07-07 17:45:58.277  INFO 8904 --- [main] org.hibernate.cfg.Environment            : HHH000206: hibernate.properties not found
2017-07-07 17:45:58.279  INFO 8904 --- [main] org.hibernate.cfg.Environment            : HHH000021: Bytecode provider name : javassist
2017-07-07 17:45:58.317  INFO 8904 --- [main] o.hibernate.annotations.common.Version   : HCANN000001: Hibernate Commons Annotations {5.0.1.Final}
2017-07-07 17:45:58.488  INFO 8904 --- [main] org.hibernate.dialect.Dialect            : HHH000400: Using dialect: org.hibernate.dialect.MySQL5Dialect
2017-07-07 17:45:58.936  INFO 8904 --- [main] org.hibernate.tool.hbm2ddl.SchemaUpdate  : HHH000228: Running hbm2ddl schema update
2017-07-07 17:45:59.097  INFO 8904 --- [main] j.LocalContainerEntityManagerFactoryBean : Initialized JPA EntityManagerFactory for persistence unit 'default'
2017-07-07 17:46:00.124  INFO 8904 --- [main] s.w.s.m.m.a.RequestMappingHandlerAdapter : Looking for @ControllerAdvice: org.springframework.boot.context.embedded.AnnotationConfigEmbeddedWebApplicationContext@38d8f54a: startup date [Fri Jul 07 17:45:54 CST 2017]; root of context hierarchy
2017-07-07 17:46:00.212  INFO 8904 --- [main] s.w.s.m.m.a.RequestMappingHandlerMapping : Mapped "{[/],methods=[GET]}" onto public java.lang.String com.hidear.law.modular.home.controller.HomeController.index()
2017-07-07 17:46:00.213  INFO 8904 --- [main] s.w.s.m.m.a.RequestMappingHandlerMapping : Mapped "{[/login],methods=[GET]}" onto public java.lang.String com.hidear.law.modular.home.controller.LoginController.login()
2017-07-07 17:46:00.214  INFO 8904 --- [main] s.w.s.m.m.a.RequestMappingHandlerMapping : Mapped "{[/login],methods=[POST]}" onto public java.lang.String com.hidear.law.modular.home.controller.LoginController.login(com.hidear.law.modular.user.model.User)
2017-07-07 17:46:00.214  INFO 8904 --- [main] s.w.s.m.m.a.RequestMappingHandlerMapping : Mapped "{[/register],methods=[GET]}" onto public java.lang.String com.hidear.law.modular.home.controller.RegisterController.register()
2017-07-07 17:46:00.214  INFO 8904 --- [main] s.w.s.m.m.a.RequestMappingHandlerMapping : Mapped "{[/register],methods=[POST]}" onto public java.lang.Object com.hidear.law.modular.home.controller.RegisterController.register(com.hidear.law.modular.home.model.RegisterInfo)
2017-07-07 17:46:00.217  INFO 8904 --- [main] s.w.s.m.m.a.RequestMappingHandlerMapping : Mapped "{[/kaptcha]}" onto public void com.hidear.law.modular.system.controller.KaptchaController.index(javax.servlet.http.HttpServletRequest,javax.servlet.http.HttpServletResponse)
2017-07-07 17:46:00.217  INFO 8904 --- [main] s.w.s.m.m.a.RequestMappingHandlerMapping : Mapped "{[/kaptcha/{pictureId}]}" onto public void com.hidear.law.modular.system.controller.KaptchaController.renderPicture(java.lang.String,javax.servlet.http.HttpServletResponse)
2017-07-07 17:46:00.219  INFO 8904 --- [main] s.w.s.m.m.a.RequestMappingHandlerMapping : Mapped "{[/user/]}" onto public com.hidear.law.modular.user.model.User com.hidear.law.modular.user.controller.UserController.getUser()
2017-07-07 17:46:00.221  INFO 8904 --- [main] s.w.s.m.m.a.RequestMappingHandlerMapping : Mapped "{[/error]}" onto public org.springframework.http.ResponseEntity<java.util.Map<java.lang.String, java.lang.Object>> org.springframework.boot.autoconfigure.web.BasicErrorController.error(javax.servlet.http.HttpServletRequest)
2017-07-07 17:46:00.221  INFO 8904 --- [main] s.w.s.m.m.a.RequestMappingHandlerMapping : Mapped "{[/error],produces=[text/html]}" onto public org.springframework.web.servlet.ModelAndView org.springframework.boot.autoconfigure.web.BasicErrorController.errorHtml(javax.servlet.http.HttpServletRequest,javax.servlet.http.HttpServletResponse)
2017-07-07 17:46:00.297  INFO 8904 --- [main] o.s.w.s.handler.SimpleUrlHandlerMapping  : Mapped URL path [/webjars/**] onto handler of type [class org.springframework.web.servlet.resource.ResourceHttpRequestHandler]
2017-07-07 17:46:00.297  INFO 8904 --- [main] o.s.w.s.handler.SimpleUrlHandlerMapping  : Mapped URL path [/static/**] onto handler of type [class org.springframework.web.servlet.resource.ResourceHttpRequestHandler]
2017-07-07 17:46:00.388  INFO 8904 --- [main] o.s.w.s.handler.SimpleUrlHandlerMapping  : Mapped URL path [/**/favicon.ico] onto handler of type [class org.springframework.web.servlet.resource.ResourceHttpRequestHandler]
2017-07-07 17:46:00.830  INFO 8904 --- [main] o.s.j.e.a.AnnotationMBeanExporter        : Registering beans for JMX exposure on startup
2017-07-07 17:46:00.885  INFO 8904 --- [main] s.b.c.e.t.TomcatEmbeddedServletContainer : Tomcat started on port(s): 80 (http)
2017-07-07 17:46:00.889  INFO 8904 --- [main] com.hidear.law.LawApplication            : Started LawApplication in 6.79 seconds (JVM running for 7.154)
2017-07-07 17:46:00.889  INFO 8904 --- [main] com.hidear.law.LawApplication            : LawApplication Start success!!!
2017-07-07 17:46:07.282  INFO 8904 --- [http-nio-80-exec-2] o.a.c.c.C.[Tomcat].[localhost].[/]       : Initializing Spring FrameworkServlet 'dispatcherServlet'
2017-07-07 17:46:07.282  INFO 8904 --- [http-nio-80-exec-2] o.s.web.servlet.DispatcherServlet        : FrameworkServlet 'dispatcherServlet': initialization started
2017-07-07 17:46:07.307  INFO 8904 --- [http-nio-80-exec-2] o.s.web.servlet.DispatcherServlet        : FrameworkServlet 'dispatcherServlet': initialization completed in 25 ms
2017-07-07 17:46:07.322  INFO 8904 --- [http-nio-80-exec-2] a.s.s.m.AbstractValidatingSessionManager : Enabling session validation scheduler...
2017-07-07 18:01:07.337  INFO 8904 --- [SessionValidationThread-1] a.s.s.m.AbstractValidatingSessionManager : Validating all active sessions...
2017-07-07 18:01:07.338  INFO 8904 --- [SessionValidationThread-1] a.s.s.m.AbstractValidatingSessionManager : Finished session validation.  No sessions were stopped.
2017-07-07 18:16:07.348  INFO 8904 --- [SessionValidationThread-1] a.s.s.m.AbstractValidatingSessionManager : Validating all active sessions...
2017-07-07 18:16:07.349  INFO 8904 --- [SessionValidationThread-1] a.s.s.m.AbstractValidatingSessionManager : Finished session validation.  No sessions were stopped.
